mode: set
ProgrammierkonzepteTask2/datastructures/functionalProgramming.go:35.55,37.21 2 1
ProgrammierkonzepteTask2/datastructures/functionalProgramming.go:37.21,40.3 2 1
ProgrammierkonzepteTask2/datastructures/functionalProgramming.go:43.51,45.2 1 1
ProgrammierkonzepteTask2/datastructures/functionalProgramming.go:47.51,49.2 1 1
ProgrammierkonzepteTask2/datastructures/functionalProgramming.go:56.74,59.21 3 1
ProgrammierkonzepteTask2/datastructures/functionalProgramming.go:59.21,60.30 1 1
ProgrammierkonzepteTask2/datastructures/functionalProgramming.go:60.30,62.4 1 1
ProgrammierkonzepteTask2/datastructures/functionalProgramming.go:63.3,63.25 1 1
ProgrammierkonzepteTask2/datastructures/functionalProgramming.go:65.2,65.16 1 1
ProgrammierkonzepteTask2/datastructures/functionalProgramming.go:68.113,71.24 2 1
ProgrammierkonzepteTask2/datastructures/functionalProgramming.go:72.22,74.22 2 1
ProgrammierkonzepteTask2/datastructures/functionalProgramming.go:74.22,75.31 1 1
ProgrammierkonzepteTask2/datastructures/functionalProgramming.go:75.31,77.5 1 1
ProgrammierkonzepteTask2/datastructures/functionalProgramming.go:78.4,78.26 1 1
ProgrammierkonzepteTask2/datastructures/functionalProgramming.go:80.3,80.18 1 1
ProgrammierkonzepteTask2/datastructures/functionalProgramming.go:82.17,84.22 2 1
ProgrammierkonzepteTask2/datastructures/functionalProgramming.go:84.22,85.31 1 1
ProgrammierkonzepteTask2/datastructures/functionalProgramming.go:85.31,87.5 1 1
ProgrammierkonzepteTask2/datastructures/functionalProgramming.go:88.4,88.26 1 1
ProgrammierkonzepteTask2/datastructures/functionalProgramming.go:90.3,90.19 1 1
ProgrammierkonzepteTask2/datastructures/functionalProgramming.go:92.17,94.22 2 1
ProgrammierkonzepteTask2/datastructures/functionalProgramming.go:94.22,95.31 1 1
ProgrammierkonzepteTask2/datastructures/functionalProgramming.go:95.31,97.5 1 1
ProgrammierkonzepteTask2/datastructures/functionalProgramming.go:98.4,98.26 1 1
ProgrammierkonzepteTask2/datastructures/functionalProgramming.go:100.3,100.19 1 1
ProgrammierkonzepteTask2/datastructures/functionalProgramming.go:103.2,103.12 1 1
ProgrammierkonzepteTask2/datastructures/functionalProgramming.go:106.81,111.21 4 1
ProgrammierkonzepteTask2/datastructures/functionalProgramming.go:111.21,114.41 3 1
ProgrammierkonzepteTask2/datastructures/functionalProgramming.go:114.41,116.4 1 1
ProgrammierkonzepteTask2/datastructures/functionalProgramming.go:117.3,117.25 1 1
ProgrammierkonzepteTask2/datastructures/functionalProgramming.go:120.2,123.3 1 1
ProgrammierkonzepteTask2/datastructures/functionalProgramming.go:126.53,128.34 2 1
ProgrammierkonzepteTask2/datastructures/functionalProgramming.go:128.34,130.3 1 1
ProgrammierkonzepteTask2/datastructures/functionalProgramming.go:132.2,134.35 2 1
ProgrammierkonzepteTask2/datastructures/functionalProgramming.go:134.35,135.16 1 1
ProgrammierkonzepteTask2/datastructures/functionalProgramming.go:135.16,137.4 1 1
ProgrammierkonzepteTask2/datastructures/functionalProgramming.go:139.2,139.19 1 1
ProgrammierkonzepteTask2/datastructures/functionalProgramming.go:142.65,144.2 1 1
ProgrammierkonzepteTask2/datastructures/functionalProgramming.go:146.65,148.2 1 1
ProgrammierkonzepteTask2/datastructures/functionalProgramming.go:156.68,159.21 3 1
ProgrammierkonzepteTask2/datastructures/functionalProgramming.go:159.21,162.3 2 1
ProgrammierkonzepteTask2/datastructures/functionalProgramming.go:163.2,163.16 1 1
ProgrammierkonzepteTask2/datastructures/functionalProgramming.go:166.59,168.2 1 1
ProgrammierkonzepteTask2/datastructures/functionalProgramming.go:170.59,172.2 1 1
ProgrammierkonzepteTask2/datastructures/functionalProgramming.go:174.72,178.21 3 1
ProgrammierkonzepteTask2/datastructures/functionalProgramming.go:178.21,180.38 2 1
ProgrammierkonzepteTask2/datastructures/functionalProgramming.go:180.38,182.4 1 1
ProgrammierkonzepteTask2/datastructures/functionalProgramming.go:183.3,183.25 1 1
ProgrammierkonzepteTask2/datastructures/functionalProgramming.go:186.2,188.3 1 1
ProgrammierkonzepteTask2/datastructures/functionalProgramming.go:191.53,193.34 2 1
ProgrammierkonzepteTask2/datastructures/functionalProgramming.go:193.34,196.3 2 1
ProgrammierkonzepteTask2/datastructures/functionalProgramming.go:197.2,197.15 1 1
ProgrammierkonzepteTask2/datastructures/functionalProgramming.go:200.109,203.24 2 1
ProgrammierkonzepteTask2/datastructures/functionalProgramming.go:204.22,206.22 2 1
ProgrammierkonzepteTask2/datastructures/functionalProgramming.go:206.22,209.4 2 1
ProgrammierkonzepteTask2/datastructures/functionalProgramming.go:210.3,210.18 1 1
ProgrammierkonzepteTask2/datastructures/functionalProgramming.go:212.17,214.22 2 1
ProgrammierkonzepteTask2/datastructures/functionalProgramming.go:214.22,217.4 2 1
ProgrammierkonzepteTask2/datastructures/functionalProgramming.go:218.3,218.19 1 1
ProgrammierkonzepteTask2/datastructures/functionalProgramming.go:220.17,222.22 2 1
ProgrammierkonzepteTask2/datastructures/functionalProgramming.go:222.22,225.4 2 1
ProgrammierkonzepteTask2/datastructures/functionalProgramming.go:226.3,226.19 1 1
ProgrammierkonzepteTask2/datastructures/functionalProgramming.go:228.10,230.13 2 1
ProgrammierkonzepteTask2/datastructures/functionalProgramming.go:234.93,237.21 3 1
ProgrammierkonzepteTask2/datastructures/functionalProgramming.go:237.21,240.3 2 1
ProgrammierkonzepteTask2/datastructures/functionalProgramming.go:241.2,241.17 1 1
ProgrammierkonzepteTask2/datastructures/functionalProgramming.go:245.70,246.22 1 1
ProgrammierkonzepteTask2/datastructures/functionalProgramming.go:246.22,249.3 2 1
ProgrammierkonzepteTask2/datastructures/functionalProgramming.go:250.2,253.26 3 1
ProgrammierkonzepteTask2/datastructures/functionalProgramming.go:253.26,256.3 2 1
ProgrammierkonzepteTask2/datastructures/functionalProgramming.go:257.2,257.20 1 1
ProgrammierkonzepteTask2/datastructures/functionalProgramming.go:260.66,263.16 3 1
ProgrammierkonzepteTask2/datastructures/functionalProgramming.go:263.16,265.3 1 1
ProgrammierkonzepteTask2/datastructures/functionalProgramming.go:265.8,267.3 1 1
ProgrammierkonzepteTask2/datastructures/functionalProgramming.go:270.66,273.16 3 1
ProgrammierkonzepteTask2/datastructures/functionalProgramming.go:273.16,275.3 1 1
ProgrammierkonzepteTask2/datastructures/functionalProgramming.go:275.8,277.3 1 1
ProgrammierkonzepteTask2/datastructures/functionalProgramming.go:280.96,281.22 1 1
ProgrammierkonzepteTask2/datastructures/functionalProgramming.go:281.22,284.3 2 1
ProgrammierkonzepteTask2/datastructures/functionalProgramming.go:285.2,289.26 4 1
ProgrammierkonzepteTask2/datastructures/functionalProgramming.go:289.26,292.3 2 1
ProgrammierkonzepteTask2/datastructures/functionalProgramming.go:293.2,293.20 1 1
ProgrammierkonzepteTask2/datastructures/linkedList.go:20.54,23.28 3 1
ProgrammierkonzepteTask2/datastructures/linkedList.go:23.28,26.3 2 1
ProgrammierkonzepteTask2/datastructures/linkedList.go:27.2,27.16 1 1
ProgrammierkonzepteTask2/datastructures/linkedList.go:31.52,32.35 1 1
ProgrammierkonzepteTask2/datastructures/linkedList.go:32.35,35.3 2 1
ProgrammierkonzepteTask2/datastructures/linkedList.go:36.2,36.36 1 1
ProgrammierkonzepteTask2/datastructures/linkedList.go:40.44,41.29 1 1
ProgrammierkonzepteTask2/datastructures/linkedList.go:41.29,43.3 1 1
ProgrammierkonzepteTask2/datastructures/linkedList.go:47.58,48.35 1 1
ProgrammierkonzepteTask2/datastructures/linkedList.go:48.35,50.3 1 1
ProgrammierkonzepteTask2/datastructures/linkedList.go:51.2,51.14 1 1
ProgrammierkonzepteTask2/datastructures/linkedList.go:51.14,54.3 2 1
ProgrammierkonzepteTask2/datastructures/linkedList.go:56.2,58.12 3 1
ProgrammierkonzepteTask2/datastructures/linkedList.go:62.49,63.22 1 1
ProgrammierkonzepteTask2/datastructures/linkedList.go:63.22,65.3 1 1
ProgrammierkonzepteTask2/datastructures/linkedList.go:67.2,67.28 1 1
ProgrammierkonzepteTask2/datastructures/linkedList.go:67.28,71.3 3 1
ProgrammierkonzepteTask2/datastructures/linkedList.go:72.2,73.55 2 1
ProgrammierkonzepteTask2/datastructures/linkedList.go:73.55,75.3 1 1
ProgrammierkonzepteTask2/datastructures/linkedList.go:77.2,77.25 1 1
ProgrammierkonzepteTask2/datastructures/linkedList.go:77.25,79.3 1 1
ProgrammierkonzepteTask2/datastructures/linkedList.go:81.2,83.12 3 1
ProgrammierkonzepteTask2/datastructures/linkedList.go:87.52,88.22 1 1
ProgrammierkonzepteTask2/datastructures/linkedList.go:88.22,90.3 1 1
ProgrammierkonzepteTask2/datastructures/linkedList.go:90.8,90.41 1 1
ProgrammierkonzepteTask2/datastructures/linkedList.go:90.41,92.3 1 1
ProgrammierkonzepteTask2/datastructures/linkedList.go:94.2,94.14 1 1
ProgrammierkonzepteTask2/datastructures/linkedList.go:94.14,96.3 1 1
ProgrammierkonzepteTask2/datastructures/linkedList.go:96.8,98.3 1 1
ProgrammierkonzepteTask2/datastructures/linkedList.go:99.2,100.12 2 1
ProgrammierkonzepteTask2/datastructures/linkedList.go:104.52,105.14 1 1
ProgrammierkonzepteTask2/datastructures/linkedList.go:105.14,108.3 2 1
ProgrammierkonzepteTask2/datastructures/linkedList.go:109.2,109.30 1 1
ProgrammierkonzepteTask2/datastructures/linkedList.go:113.44,116.2 2 1
ProgrammierkonzepteTask2/datastructures/linkedList.go:119.43,121.22 1 1
ProgrammierkonzepteTask2/datastructures/linkedList.go:121.22,125.3 3 1
ProgrammierkonzepteTask2/datastructures/linkedList.go:128.2,129.15 2 1
ProgrammierkonzepteTask2/datastructures/linkedList.go:133.36,135.21 2 1
ProgrammierkonzepteTask2/datastructures/linkedList.go:135.21,138.3 2 1
ProgrammierkonzepteTask2/datastructures/linkedList.go:142.39,144.2 1 1
ProgrammierkonzepteTask2/datastructures/linkedList.go:147.43,149.2 1 1
ProgrammierkonzepteTask2/datastructures/linkedList.go:152.42,154.2 1 1
ProgrammierkonzepteTask2/datastructures/linkedList.go:156.46,159.21 3 1
ProgrammierkonzepteTask2/datastructures/linkedList.go:159.21,161.26 2 1
ProgrammierkonzepteTask2/datastructures/linkedList.go:161.26,163.4 1 1
ProgrammierkonzepteTask2/datastructures/linkedList.go:164.3,164.25 1 1
ProgrammierkonzepteTask2/datastructures/linkedList.go:166.2,167.24 2 1
ProgrammierkonzepteTask2/datastructures/linkedList.go:170.67,171.38 1 1
ProgrammierkonzepteTask2/datastructures/linkedList.go:171.38,173.3 1 1
ProgrammierkonzepteTask2/datastructures/linkedList.go:175.2,178.44 3 1
ProgrammierkonzepteTask2/datastructures/linkedList.go:178.44,179.40 1 1
ProgrammierkonzepteTask2/datastructures/linkedList.go:179.40,181.4 1 1
ProgrammierkonzepteTask2/datastructures/linkedList.go:182.3,183.31 2 1
ProgrammierkonzepteTask2/datastructures/linkedList.go:185.2,185.46 1 1
ProgrammierkonzepteTask2/datastructures/queue.go:10.40,12.2 1 1
ProgrammierkonzepteTask2/datastructures/queue.go:15.45,16.26 1 1
ProgrammierkonzepteTask2/datastructures/queue.go:16.26,19.3 2 1
ProgrammierkonzepteTask2/datastructures/queue.go:20.2,22.20 3 1
ProgrammierkonzepteTask2/datastructures/queue.go:25.42,26.26 1 1
ProgrammierkonzepteTask2/datastructures/queue.go:26.26,29.3 2 1
ProgrammierkonzepteTask2/datastructures/queue.go:30.2,31.20 2 1
ProgrammierkonzepteTask2/datastructures/queue.go:34.34,36.2 1 1
ProgrammierkonzepteTask2/datastructures/queue.go:38.39,40.2 1 1
ProgrammierkonzepteTask2/datastructures/queue.go:42.38,44.2 1 1
ProgrammierkonzepteTask2/datastructures/queue.go:46.41,48.2 1 1
ProgrammierkonzepteTask2/datastructures/queue.go:50.54,52.2 1 1
ProgrammierkonzepteTask2/datastructures/stack.go:9.37,11.2 1 1
ProgrammierkonzepteTask2/datastructures/stack.go:13.44,14.29 1 1
ProgrammierkonzepteTask2/datastructures/stack.go:14.29,16.3 1 1
ProgrammierkonzepteTask2/datastructures/stack.go:19.41,20.28 1 1
ProgrammierkonzepteTask2/datastructures/stack.go:20.28,23.3 2 1
ProgrammierkonzepteTask2/datastructures/stack.go:24.2,26.20 3 1
ProgrammierkonzepteTask2/datastructures/stack.go:29.42,30.28 1 1
ProgrammierkonzepteTask2/datastructures/stack.go:30.28,33.3 2 1
ProgrammierkonzepteTask2/datastructures/stack.go:34.2,35.20 2 1
ProgrammierkonzepteTask2/datastructures/stack.go:38.39,40.2 1 1
ProgrammierkonzepteTask2/datastructures/stack.go:42.38,44.2 1 1
ProgrammierkonzepteTask2/datastructures/stack.go:46.35,48.2 1 1
ProgrammierkonzepteTask2/datastructures/stack.go:50.42,52.2 1 1
ProgrammierkonzepteTask2/datastructures/stack.go:54.55,56.2 1 1
