mode: set
github.com/yb981/wwi24sea-konzepte-golang/concurrency/arraylist.go:12.41,14.2 1 1
github.com/yb981/wwi24sea-konzepte-golang/concurrency/arraylist.go:16.40,18.2 1 1
github.com/yb981/wwi24sea-konzepte-golang/concurrency/arraylist.go:20.73,21.18 1 1
github.com/yb981/wwi24sea-konzepte-golang/concurrency/arraylist.go:21.18,24.3 2 1
github.com/yb981/wwi24sea-konzepte-golang/concurrency/arraylist.go:25.2,26.28 2 1
github.com/yb981/wwi24sea-konzepte-golang/concurrency/arraylist.go:26.28,28.3 1 1
github.com/yb981/wwi24sea-konzepte-golang/concurrency/arraylist.go:29.2,29.20 1 1
github.com/yb981/wwi24sea-konzepte-golang/concurrency/arraylist.go:32.61,33.18 1 1
github.com/yb981/wwi24sea-konzepte-golang/concurrency/arraylist.go:33.18,36.3 2 1
github.com/yb981/wwi24sea-konzepte-golang/concurrency/arraylist.go:38.2,40.36 2 1
github.com/yb981/wwi24sea-konzepte-golang/concurrency/arraylist.go:40.36,42.3 1 1
github.com/yb981/wwi24sea-konzepte-golang/concurrency/arraylist.go:44.2,44.20 1 1
github.com/yb981/wwi24sea-konzepte-golang/concurrency/arraylist.go:47.97,48.20 1 1
github.com/yb981/wwi24sea-konzepte-golang/concurrency/arraylist.go:48.20,51.3 2 1
github.com/yb981/wwi24sea-konzepte-golang/concurrency/arraylist.go:52.2,52.18 1 1
github.com/yb981/wwi24sea-konzepte-golang/concurrency/arraylist.go:52.18,55.3 2 1
github.com/yb981/wwi24sea-konzepte-golang/concurrency/arraylist.go:57.2,58.19 2 1
github.com/yb981/wwi24sea-konzepte-golang/concurrency/arraylist.go:58.19,60.3 1 1
github.com/yb981/wwi24sea-konzepte-golang/concurrency/arraylist.go:62.2,66.33 4 1
github.com/yb981/wwi24sea-konzepte-golang/concurrency/arraylist.go:66.33,69.18 2 1
github.com/yb981/wwi24sea-konzepte-golang/concurrency/arraylist.go:69.18,75.24 4 1
github.com/yb981/wwi24sea-konzepte-golang/concurrency/arraylist.go:75.24,77.5 1 1
github.com/yb981/wwi24sea-konzepte-golang/concurrency/arraylist.go:79.4,79.33 1 1
github.com/yb981/wwi24sea-konzepte-golang/concurrency/arraylist.go:79.33,81.5 1 1
github.com/yb981/wwi24sea-konzepte-golang/concurrency/arraylist.go:84.2,86.21 2 1
github.com/yb981/wwi24sea-konzepte-golang/concurrency/arraylist.go:89.92,90.20 1 1
github.com/yb981/wwi24sea-konzepte-golang/concurrency/arraylist.go:90.20,93.3 2 1
github.com/yb981/wwi24sea-konzepte-golang/concurrency/arraylist.go:95.2,95.18 1 1
github.com/yb981/wwi24sea-konzepte-golang/concurrency/arraylist.go:95.18,98.3 2 1
github.com/yb981/wwi24sea-konzepte-golang/concurrency/arraylist.go:100.2,101.19 2 1
github.com/yb981/wwi24sea-konzepte-golang/concurrency/arraylist.go:101.19,103.3 1 1
github.com/yb981/wwi24sea-konzepte-golang/concurrency/arraylist.go:105.2,111.33 4 1
github.com/yb981/wwi24sea-konzepte-golang/concurrency/arraylist.go:111.33,113.18 2 1
github.com/yb981/wwi24sea-konzepte-golang/concurrency/arraylist.go:113.18,117.24 4 1
github.com/yb981/wwi24sea-konzepte-golang/concurrency/arraylist.go:117.24,119.5 1 1
github.com/yb981/wwi24sea-konzepte-golang/concurrency/arraylist.go:121.4,122.37 2 1
github.com/yb981/wwi24sea-konzepte-golang/concurrency/arraylist.go:122.37,124.5 1 1
github.com/yb981/wwi24sea-konzepte-golang/concurrency/arraylist.go:125.4,125.21 1 1
github.com/yb981/wwi24sea-konzepte-golang/concurrency/arraylist.go:129.2,134.27 4 1
github.com/yb981/wwi24sea-konzepte-golang/concurrency/arraylist.go:134.27,136.3 1 1
github.com/yb981/wwi24sea-konzepte-golang/concurrency/arraylist.go:138.2,138.25 1 1
github.com/yb981/wwi24sea-konzepte-golang/concurrency/arraylist.go:141.102,142.20 1 1
github.com/yb981/wwi24sea-konzepte-golang/concurrency/arraylist.go:142.20,145.3 2 1
github.com/yb981/wwi24sea-konzepte-golang/concurrency/arraylist.go:147.2,147.18 1 1
github.com/yb981/wwi24sea-konzepte-golang/concurrency/arraylist.go:147.18,150.3 2 1
github.com/yb981/wwi24sea-konzepte-golang/concurrency/arraylist.go:152.2,155.19 2 1
github.com/yb981/wwi24sea-konzepte-golang/concurrency/arraylist.go:155.19,157.3 1 1
github.com/yb981/wwi24sea-konzepte-golang/concurrency/arraylist.go:159.2,164.33 4 1
github.com/yb981/wwi24sea-konzepte-golang/concurrency/arraylist.go:164.33,166.13 2 1
github.com/yb981/wwi24sea-konzepte-golang/concurrency/arraylist.go:166.13,168.26 2 1
github.com/yb981/wwi24sea-konzepte-golang/concurrency/arraylist.go:168.26,171.38 3 1
github.com/yb981/wwi24sea-konzepte-golang/concurrency/arraylist.go:171.38,173.6 1 1
github.com/yb981/wwi24sea-konzepte-golang/concurrency/arraylist.go:174.5,174.22 1 1
github.com/yb981/wwi24sea-konzepte-golang/concurrency/arraylist.go:180.2,181.33 2 1
github.com/yb981/wwi24sea-konzepte-golang/concurrency/arraylist.go:181.33,184.23 3 1
github.com/yb981/wwi24sea-konzepte-golang/concurrency/arraylist.go:184.23,186.4 1 1
github.com/yb981/wwi24sea-konzepte-golang/concurrency/arraylist.go:187.3,187.29 1 1
github.com/yb981/wwi24sea-konzepte-golang/concurrency/arraylist.go:189.2,196.27 5 1
github.com/yb981/wwi24sea-konzepte-golang/concurrency/arraylist.go:196.27,198.3 1 1
github.com/yb981/wwi24sea-konzepte-golang/concurrency/arraylist.go:200.2,200.25 1 1
github.com/yb981/wwi24sea-konzepte-golang/concurrency/main.go:20.33,22.2 1 0
github.com/yb981/wwi24sea-konzepte-golang/concurrency/main.go:24.38,26.2 1 0
github.com/yb981/wwi24sea-konzepte-golang/concurrency/main.go:28.13,30.2 1 0
github.com/yb981/wwi24sea-konzepte-golang/concurrency/main.go:32.25,35.20 2 0
github.com/yb981/wwi24sea-konzepte-golang/concurrency/main.go:35.20,37.3 1 0
github.com/yb981/wwi24sea-konzepte-golang/concurrency/main.go:38.2,41.16 3 0
github.com/yb981/wwi24sea-konzepte-golang/concurrency/main.go:41.16,44.3 2 0
github.com/yb981/wwi24sea-konzepte-golang/concurrency/main.go:46.2,48.16 2 0
github.com/yb981/wwi24sea-konzepte-golang/concurrency/main.go:48.16,51.3 2 0
github.com/yb981/wwi24sea-konzepte-golang/concurrency/main.go:52.2,57.16 6 0
github.com/yb981/wwi24sea-konzepte-golang/concurrency/main.go:57.16,60.3 2 0
github.com/yb981/wwi24sea-konzepte-golang/concurrency/main.go:62.2,64.16 2 0
github.com/yb981/wwi24sea-konzepte-golang/concurrency/main.go:64.16,67.3 2 0
github.com/yb981/wwi24sea-konzepte-golang/concurrency/main.go:69.2,70.78 2 0
github.com/yb981/wwi24sea-konzepte-golang/calculator/calculator.go:33.47,35.15 1 1
github.com/yb981/wwi24sea-konzepte-golang/calculator/calculator.go:36.14,38.13 2 0
github.com/yb981/wwi24sea-konzepte-golang/calculator/calculator.go:39.15,42.9 3 1
github.com/yb981/wwi24sea-konzepte-golang/calculator/calculator.go:43.14,45.9 2 1
github.com/yb981/wwi24sea-konzepte-golang/calculator/calculator.go:49.2,49.15 1 1
github.com/yb981/wwi24sea-konzepte-golang/calculator/calculator.go:50.31,51.34 1 1
github.com/yb981/wwi24sea-konzepte-golang/calculator/calculator.go:52.33,53.33 1 1
github.com/yb981/wwi24sea-konzepte-golang/calculator/calculator.go:54.18,55.33 1 1
github.com/yb981/wwi24sea-konzepte-golang/calculator/calculator.go:56.10,57.29 1 0
github.com/yb981/wwi24sea-konzepte-golang/calculator/calculator.go:62.56,63.30 1 1
github.com/yb981/wwi24sea-konzepte-golang/calculator/calculator.go:63.30,66.3 2 1
github.com/yb981/wwi24sea-konzepte-golang/calculator/calculator.go:68.2,79.12 8 1
github.com/yb981/wwi24sea-konzepte-golang/calculator/calculator.go:80.11,82.61 2 1
github.com/yb981/wwi24sea-konzepte-golang/calculator/calculator.go:83.11,85.61 2 1
github.com/yb981/wwi24sea-konzepte-golang/calculator/calculator.go:86.11,88.66 2 1
github.com/yb981/wwi24sea-konzepte-golang/calculator/calculator.go:89.11,91.62 2 1
github.com/yb981/wwi24sea-konzepte-golang/calculator/calculator.go:92.11,94.57 2 1
github.com/yb981/wwi24sea-konzepte-golang/calculator/calculator.go:97.2,100.28 4 1
github.com/yb981/wwi24sea-konzepte-golang/calculator/calculator.go:104.55,105.30 1 1
github.com/yb981/wwi24sea-konzepte-golang/calculator/calculator.go:105.30,108.3 2 1
github.com/yb981/wwi24sea-konzepte-golang/calculator/calculator.go:110.2,116.12 5 1
github.com/yb981/wwi24sea-konzepte-golang/calculator/calculator.go:117.13,120.58 3 1
github.com/yb981/wwi24sea-konzepte-golang/calculator/calculator.go:121.14,122.18 1 1
github.com/yb981/wwi24sea-konzepte-golang/calculator/calculator.go:122.18,126.4 3 1
github.com/yb981/wwi24sea-konzepte-golang/calculator/calculator.go:127.3,129.50 3 1
github.com/yb981/wwi24sea-konzepte-golang/calculator/calculator.go:130.13,131.19 1 1
github.com/yb981/wwi24sea-konzepte-golang/calculator/calculator.go:131.19,135.4 3 1
github.com/yb981/wwi24sea-konzepte-golang/calculator/calculator.go:136.3,138.47 3 1
github.com/yb981/wwi24sea-konzepte-golang/calculator/calculator.go:139.11,140.52 1 1
github.com/yb981/wwi24sea-konzepte-golang/calculator/calculator.go:140.52,144.4 3 1
github.com/yb981/wwi24sea-konzepte-golang/calculator/calculator.go:145.3,147.43 3 1
github.com/yb981/wwi24sea-konzepte-golang/calculator/calculator.go:149.2,151.28 3 1
github.com/yb981/wwi24sea-konzepte-golang/calculator/calculator.go:155.55,156.30 1 1
github.com/yb981/wwi24sea-konzepte-golang/calculator/calculator.go:156.30,159.3 2 1
github.com/yb981/wwi24sea-konzepte-golang/calculator/calculator.go:161.2,169.16 6 1
github.com/yb981/wwi24sea-konzepte-golang/calculator/calculator.go:169.16,171.3 1 1
github.com/yb981/wwi24sea-konzepte-golang/calculator/calculator.go:171.8,173.3 1 1
github.com/yb981/wwi24sea-konzepte-golang/calculator/calculator.go:175.2,175.25 1 1
github.com/yb981/wwi24sea-konzepte-golang/calculator/calculator.go:175.25,177.17 2 1
github.com/yb981/wwi24sea-konzepte-golang/calculator/calculator.go:177.17,179.4 1 1
github.com/yb981/wwi24sea-konzepte-golang/calculator/calculator.go:179.9,181.4 1 1
github.com/yb981/wwi24sea-konzepte-golang/calculator/calculator.go:183.3,186.15 3 1
github.com/yb981/wwi24sea-konzepte-golang/calculator/calculator.go:186.15,187.18 1 1
github.com/yb981/wwi24sea-konzepte-golang/calculator/calculator.go:187.18,190.5 2 1
github.com/yb981/wwi24sea-konzepte-golang/calculator/calculator.go:190.10,193.5 2 1
github.com/yb981/wwi24sea-konzepte-golang/calculator/calculator.go:197.2,203.69 6 1
github.com/yb981/wwi24sea-konzepte-golang/calculator/calculator.go:207.54,209.16 2 1
github.com/yb981/wwi24sea-konzepte-golang/calculator/calculator.go:209.16,213.3 3 1
github.com/yb981/wwi24sea-konzepte-golang/calculator/calculator.go:213.8,215.3 1 1
github.com/yb981/wwi24sea-konzepte-golang/calculator/calculator.go:219.50,220.12 1 1
github.com/yb981/wwi24sea-konzepte-golang/calculator/calculator.go:220.12,222.3 1 1
github.com/yb981/wwi24sea-konzepte-golang/calculator/calculator.go:223.2,224.31 2 1
github.com/yb981/wwi24sea-konzepte-golang/calculator/calculator.go:224.31,226.3 1 1
github.com/yb981/wwi24sea-konzepte-golang/calculator/calculator.go:227.2,227.15 1 1
github.com/yb981/wwi24sea-konzepte-golang/calculator/calculator.go:232.87,236.2 3 1
github.com/yb981/wwi24sea-konzepte-golang/calculator/calculator.go:239.75,244.30 4 1
github.com/yb981/wwi24sea-konzepte-golang/calculator/calculator.go:244.30,248.3 3 1
github.com/yb981/wwi24sea-konzepte-golang/calculator/calculator.go:249.2,249.52 1 1
github.com/yb981/wwi24sea-konzepte-golang/calculator/calculator.go:253.43,277.2 23 1
github.com/yb981/wwi24sea-konzepte-golang/calculator/main.go:14.13,19.6 3 0
github.com/yb981/wwi24sea-konzepte-golang/calculator/main.go:19.6,25.3 3 0
github.com/yb981/wwi24sea-konzepte-golang/calculator/main.go:29.24,32.16 3 1
github.com/yb981/wwi24sea-konzepte-golang/calculator/main.go:32.16,35.3 2 0
github.com/yb981/wwi24sea-konzepte-golang/calculator/main.go:36.2,36.14 1 1
github.com/yb981/wwi24sea-konzepte-golang/datastructures/linkedList.go:28.54,31.28 3 1
github.com/yb981/wwi24sea-konzepte-golang/datastructures/linkedList.go:31.28,34.3 2 1
github.com/yb981/wwi24sea-konzepte-golang/datastructures/linkedList.go:35.2,35.16 1 1
github.com/yb981/wwi24sea-konzepte-golang/datastructures/linkedList.go:39.52,40.35 1 1
github.com/yb981/wwi24sea-konzepte-golang/datastructures/linkedList.go:40.35,43.3 2 1
github.com/yb981/wwi24sea-konzepte-golang/datastructures/linkedList.go:44.2,44.36 1 1
github.com/yb981/wwi24sea-konzepte-golang/datastructures/linkedList.go:48.44,49.29 1 1
github.com/yb981/wwi24sea-konzepte-golang/datastructures/linkedList.go:49.29,51.3 1 1
github.com/yb981/wwi24sea-konzepte-golang/datastructures/linkedList.go:55.58,56.35 1 1
github.com/yb981/wwi24sea-konzepte-golang/datastructures/linkedList.go:56.35,58.3 1 1
github.com/yb981/wwi24sea-konzepte-golang/datastructures/linkedList.go:59.2,59.14 1 1
github.com/yb981/wwi24sea-konzepte-golang/datastructures/linkedList.go:59.14,62.3 2 1
github.com/yb981/wwi24sea-konzepte-golang/datastructures/linkedList.go:63.2,65.12 3 1
github.com/yb981/wwi24sea-konzepte-golang/datastructures/linkedList.go:69.49,70.22 1 1
github.com/yb981/wwi24sea-konzepte-golang/datastructures/linkedList.go:70.22,72.3 1 1
github.com/yb981/wwi24sea-konzepte-golang/datastructures/linkedList.go:74.2,74.28 1 1
github.com/yb981/wwi24sea-konzepte-golang/datastructures/linkedList.go:74.28,78.3 3 1
github.com/yb981/wwi24sea-konzepte-golang/datastructures/linkedList.go:79.2,80.55 2 1
github.com/yb981/wwi24sea-konzepte-golang/datastructures/linkedList.go:80.55,82.3 1 1
github.com/yb981/wwi24sea-konzepte-golang/datastructures/linkedList.go:84.2,84.25 1 1
github.com/yb981/wwi24sea-konzepte-golang/datastructures/linkedList.go:84.25,86.3 1 1
github.com/yb981/wwi24sea-konzepte-golang/datastructures/linkedList.go:88.2,90.12 3 1
github.com/yb981/wwi24sea-konzepte-golang/datastructures/linkedList.go:94.52,95.22 1 1
github.com/yb981/wwi24sea-konzepte-golang/datastructures/linkedList.go:95.22,97.3 1 1
github.com/yb981/wwi24sea-konzepte-golang/datastructures/linkedList.go:97.8,97.41 1 1
github.com/yb981/wwi24sea-konzepte-golang/datastructures/linkedList.go:97.41,99.3 1 1
github.com/yb981/wwi24sea-konzepte-golang/datastructures/linkedList.go:101.2,101.14 1 1
github.com/yb981/wwi24sea-konzepte-golang/datastructures/linkedList.go:101.14,103.3 1 1
github.com/yb981/wwi24sea-konzepte-golang/datastructures/linkedList.go:103.8,105.3 1 1
github.com/yb981/wwi24sea-konzepte-golang/datastructures/linkedList.go:106.2,107.12 2 1
github.com/yb981/wwi24sea-konzepte-golang/datastructures/linkedList.go:111.52,112.14 1 1
github.com/yb981/wwi24sea-konzepte-golang/datastructures/linkedList.go:112.14,115.3 2 1
github.com/yb981/wwi24sea-konzepte-golang/datastructures/linkedList.go:116.2,116.30 1 1
github.com/yb981/wwi24sea-konzepte-golang/datastructures/linkedList.go:120.44,123.2 2 1
github.com/yb981/wwi24sea-konzepte-golang/datastructures/linkedList.go:126.43,128.22 1 1
github.com/yb981/wwi24sea-konzepte-golang/datastructures/linkedList.go:128.22,132.3 3 1
github.com/yb981/wwi24sea-konzepte-golang/datastructures/linkedList.go:135.2,136.15 2 1
github.com/yb981/wwi24sea-konzepte-golang/datastructures/linkedList.go:140.36,142.21 2 1
github.com/yb981/wwi24sea-konzepte-golang/datastructures/linkedList.go:142.21,145.3 2 1
github.com/yb981/wwi24sea-konzepte-golang/datastructures/linkedList.go:149.39,151.2 1 1
github.com/yb981/wwi24sea-konzepte-golang/datastructures/linkedList.go:154.43,156.2 1 1
github.com/yb981/wwi24sea-konzepte-golang/datastructures/linkedList.go:159.42,161.2 1 1
github.com/yb981/wwi24sea-konzepte-golang/datastructures/linkedList.go:164.46,167.21 3 1
github.com/yb981/wwi24sea-konzepte-golang/datastructures/linkedList.go:167.21,169.26 2 1
github.com/yb981/wwi24sea-konzepte-golang/datastructures/linkedList.go:169.26,171.4 1 1
github.com/yb981/wwi24sea-konzepte-golang/datastructures/linkedList.go:172.3,172.25 1 1
github.com/yb981/wwi24sea-konzepte-golang/datastructures/linkedList.go:174.2,175.24 2 1
github.com/yb981/wwi24sea-konzepte-golang/datastructures/linkedList.go:179.67,180.38 1 1
github.com/yb981/wwi24sea-konzepte-golang/datastructures/linkedList.go:180.38,182.3 1 1
github.com/yb981/wwi24sea-konzepte-golang/datastructures/linkedList.go:184.2,187.44 3 1
github.com/yb981/wwi24sea-konzepte-golang/datastructures/linkedList.go:187.44,188.40 1 1
github.com/yb981/wwi24sea-konzepte-golang/datastructures/linkedList.go:188.40,190.4 1 1
github.com/yb981/wwi24sea-konzepte-golang/datastructures/linkedList.go:191.3,192.31 2 1
github.com/yb981/wwi24sea-konzepte-golang/datastructures/linkedList.go:194.2,194.46 1 1
github.com/yb981/wwi24sea-konzepte-golang/datastructures/linkedListFunctional.go:56.55,58.21 2 1
github.com/yb981/wwi24sea-konzepte-golang/datastructures/linkedListFunctional.go:58.21,61.3 2 1
github.com/yb981/wwi24sea-konzepte-golang/datastructures/linkedListFunctional.go:64.51,66.2 1 1
github.com/yb981/wwi24sea-konzepte-golang/datastructures/linkedListFunctional.go:68.51,70.2 1 1
github.com/yb981/wwi24sea-konzepte-golang/datastructures/linkedListFunctional.go:77.74,80.21 3 1
github.com/yb981/wwi24sea-konzepte-golang/datastructures/linkedListFunctional.go:80.21,81.30 1 1
github.com/yb981/wwi24sea-konzepte-golang/datastructures/linkedListFunctional.go:81.30,83.4 1 1
github.com/yb981/wwi24sea-konzepte-golang/datastructures/linkedListFunctional.go:84.3,84.25 1 1
github.com/yb981/wwi24sea-konzepte-golang/datastructures/linkedListFunctional.go:86.2,86.16 1 1
github.com/yb981/wwi24sea-konzepte-golang/datastructures/linkedListFunctional.go:90.113,93.24 2 1
github.com/yb981/wwi24sea-konzepte-golang/datastructures/linkedListFunctional.go:94.22,96.22 2 1
github.com/yb981/wwi24sea-konzepte-golang/datastructures/linkedListFunctional.go:96.22,97.31 1 1
github.com/yb981/wwi24sea-konzepte-golang/datastructures/linkedListFunctional.go:97.31,99.5 1 1
github.com/yb981/wwi24sea-konzepte-golang/datastructures/linkedListFunctional.go:100.4,100.26 1 1
github.com/yb981/wwi24sea-konzepte-golang/datastructures/linkedListFunctional.go:102.3,102.18 1 1
github.com/yb981/wwi24sea-konzepte-golang/datastructures/linkedListFunctional.go:104.17,106.22 2 1
github.com/yb981/wwi24sea-konzepte-golang/datastructures/linkedListFunctional.go:106.22,107.31 1 1
github.com/yb981/wwi24sea-konzepte-golang/datastructures/linkedListFunctional.go:107.31,109.5 1 1
github.com/yb981/wwi24sea-konzepte-golang/datastructures/linkedListFunctional.go:110.4,110.26 1 1
github.com/yb981/wwi24sea-konzepte-golang/datastructures/linkedListFunctional.go:112.3,112.19 1 1
github.com/yb981/wwi24sea-konzepte-golang/datastructures/linkedListFunctional.go:114.17,116.22 2 1
github.com/yb981/wwi24sea-konzepte-golang/datastructures/linkedListFunctional.go:116.22,117.31 1 1
github.com/yb981/wwi24sea-konzepte-golang/datastructures/linkedListFunctional.go:117.31,119.5 1 1
github.com/yb981/wwi24sea-konzepte-golang/datastructures/linkedListFunctional.go:120.4,120.26 1 1
github.com/yb981/wwi24sea-konzepte-golang/datastructures/linkedListFunctional.go:122.3,122.19 1 1
github.com/yb981/wwi24sea-konzepte-golang/datastructures/linkedListFunctional.go:125.2,125.12 1 1
github.com/yb981/wwi24sea-konzepte-golang/datastructures/linkedListFunctional.go:129.81,134.21 4 1
github.com/yb981/wwi24sea-konzepte-golang/datastructures/linkedListFunctional.go:134.21,137.41 3 1
github.com/yb981/wwi24sea-konzepte-golang/datastructures/linkedListFunctional.go:137.41,139.4 1 1
github.com/yb981/wwi24sea-konzepte-golang/datastructures/linkedListFunctional.go:140.3,140.25 1 1
github.com/yb981/wwi24sea-konzepte-golang/datastructures/linkedListFunctional.go:143.2,146.3 1 1
github.com/yb981/wwi24sea-konzepte-golang/datastructures/linkedListFunctional.go:150.53,152.34 2 1
github.com/yb981/wwi24sea-konzepte-golang/datastructures/linkedListFunctional.go:152.34,154.3 1 1
github.com/yb981/wwi24sea-konzepte-golang/datastructures/linkedListFunctional.go:156.2,158.35 2 1
github.com/yb981/wwi24sea-konzepte-golang/datastructures/linkedListFunctional.go:158.35,159.16 1 1
github.com/yb981/wwi24sea-konzepte-golang/datastructures/linkedListFunctional.go:159.16,161.4 1 1
github.com/yb981/wwi24sea-konzepte-golang/datastructures/linkedListFunctional.go:163.2,163.19 1 1
github.com/yb981/wwi24sea-konzepte-golang/datastructures/linkedListFunctional.go:167.65,169.2 1 1
github.com/yb981/wwi24sea-konzepte-golang/datastructures/linkedListFunctional.go:171.65,173.2 1 1
github.com/yb981/wwi24sea-konzepte-golang/datastructures/linkedListFunctional.go:180.68,183.21 3 1
github.com/yb981/wwi24sea-konzepte-golang/datastructures/linkedListFunctional.go:183.21,186.3 2 1
github.com/yb981/wwi24sea-konzepte-golang/datastructures/linkedListFunctional.go:187.2,187.16 1 1
github.com/yb981/wwi24sea-konzepte-golang/datastructures/linkedListFunctional.go:191.59,193.2 1 1
github.com/yb981/wwi24sea-konzepte-golang/datastructures/linkedListFunctional.go:195.59,197.2 1 1
github.com/yb981/wwi24sea-konzepte-golang/datastructures/linkedListFunctional.go:200.72,204.21 3 1
github.com/yb981/wwi24sea-konzepte-golang/datastructures/linkedListFunctional.go:204.21,206.38 2 1
github.com/yb981/wwi24sea-konzepte-golang/datastructures/linkedListFunctional.go:206.38,208.4 1 1
github.com/yb981/wwi24sea-konzepte-golang/datastructures/linkedListFunctional.go:209.3,209.25 1 1
github.com/yb981/wwi24sea-konzepte-golang/datastructures/linkedListFunctional.go:212.2,214.3 1 1
github.com/yb981/wwi24sea-konzepte-golang/datastructures/linkedListFunctional.go:218.53,220.34 2 1
github.com/yb981/wwi24sea-konzepte-golang/datastructures/linkedListFunctional.go:220.34,223.3 2 1
github.com/yb981/wwi24sea-konzepte-golang/datastructures/linkedListFunctional.go:224.2,224.15 1 1
github.com/yb981/wwi24sea-konzepte-golang/datastructures/linkedListFunctional.go:228.109,231.24 2 1
github.com/yb981/wwi24sea-konzepte-golang/datastructures/linkedListFunctional.go:232.22,234.22 2 1
github.com/yb981/wwi24sea-konzepte-golang/datastructures/linkedListFunctional.go:234.22,237.4 2 1
github.com/yb981/wwi24sea-konzepte-golang/datastructures/linkedListFunctional.go:238.3,238.18 1 1
github.com/yb981/wwi24sea-konzepte-golang/datastructures/linkedListFunctional.go:240.17,242.22 2 1
github.com/yb981/wwi24sea-konzepte-golang/datastructures/linkedListFunctional.go:242.22,245.4 2 1
github.com/yb981/wwi24sea-konzepte-golang/datastructures/linkedListFunctional.go:246.3,246.19 1 1
github.com/yb981/wwi24sea-konzepte-golang/datastructures/linkedListFunctional.go:248.17,250.22 2 1
github.com/yb981/wwi24sea-konzepte-golang/datastructures/linkedListFunctional.go:250.22,253.4 2 1
github.com/yb981/wwi24sea-konzepte-golang/datastructures/linkedListFunctional.go:254.3,254.19 1 1
github.com/yb981/wwi24sea-konzepte-golang/datastructures/linkedListFunctional.go:256.10,258.13 2 1
github.com/yb981/wwi24sea-konzepte-golang/datastructures/linkedListFunctional.go:263.93,266.21 3 1
github.com/yb981/wwi24sea-konzepte-golang/datastructures/linkedListFunctional.go:266.21,269.3 2 1
github.com/yb981/wwi24sea-konzepte-golang/datastructures/linkedListFunctional.go:270.2,270.17 1 1
github.com/yb981/wwi24sea-konzepte-golang/datastructures/linkedListFunctional.go:278.70,279.22 1 1
github.com/yb981/wwi24sea-konzepte-golang/datastructures/linkedListFunctional.go:279.22,282.3 2 1
github.com/yb981/wwi24sea-konzepte-golang/datastructures/linkedListFunctional.go:283.2,286.26 3 1
github.com/yb981/wwi24sea-konzepte-golang/datastructures/linkedListFunctional.go:286.26,289.3 2 1
github.com/yb981/wwi24sea-konzepte-golang/datastructures/linkedListFunctional.go:290.2,290.20 1 1
github.com/yb981/wwi24sea-konzepte-golang/datastructures/linkedListFunctional.go:294.66,297.16 3 1
github.com/yb981/wwi24sea-konzepte-golang/datastructures/linkedListFunctional.go:297.16,299.3 1 1
github.com/yb981/wwi24sea-konzepte-golang/datastructures/linkedListFunctional.go:299.8,301.3 1 1
github.com/yb981/wwi24sea-konzepte-golang/datastructures/linkedListFunctional.go:304.66,307.16 3 1
github.com/yb981/wwi24sea-konzepte-golang/datastructures/linkedListFunctional.go:307.16,309.3 1 1
github.com/yb981/wwi24sea-konzepte-golang/datastructures/linkedListFunctional.go:309.8,311.3 1 1
github.com/yb981/wwi24sea-konzepte-golang/datastructures/linkedListFunctional.go:315.96,316.22 1 1
github.com/yb981/wwi24sea-konzepte-golang/datastructures/linkedListFunctional.go:316.22,319.3 2 1
github.com/yb981/wwi24sea-konzepte-golang/datastructures/linkedListFunctional.go:320.2,324.26 4 1
github.com/yb981/wwi24sea-konzepte-golang/datastructures/linkedListFunctional.go:324.26,327.3 2 1
github.com/yb981/wwi24sea-konzepte-golang/datastructures/linkedListFunctional.go:328.2,328.20 1 1
github.com/yb981/wwi24sea-konzepte-golang/datastructures/queue.go:18.40,20.2 1 1
github.com/yb981/wwi24sea-konzepte-golang/datastructures/queue.go:24.45,25.26 1 1
github.com/yb981/wwi24sea-konzepte-golang/datastructures/queue.go:25.26,28.3 2 1
github.com/yb981/wwi24sea-konzepte-golang/datastructures/queue.go:29.2,31.20 3 1
github.com/yb981/wwi24sea-konzepte-golang/datastructures/queue.go:35.42,36.26 1 1
github.com/yb981/wwi24sea-konzepte-golang/datastructures/queue.go:36.26,39.3 2 1
github.com/yb981/wwi24sea-konzepte-golang/datastructures/queue.go:40.2,41.20 2 1
github.com/yb981/wwi24sea-konzepte-golang/datastructures/queue.go:45.35,47.2 1 1
github.com/yb981/wwi24sea-konzepte-golang/datastructures/queue.go:50.39,52.2 1 1
github.com/yb981/wwi24sea-konzepte-golang/datastructures/queue.go:55.38,57.2 1 1
github.com/yb981/wwi24sea-konzepte-golang/datastructures/queue.go:60.42,62.2 1 1
github.com/yb981/wwi24sea-konzepte-golang/datastructures/queue.go:65.55,67.2 1 1
github.com/yb981/wwi24sea-konzepte-golang/datastructures/stack.go:20.37,22.2 1 1
github.com/yb981/wwi24sea-konzepte-golang/datastructures/stack.go:25.44,26.29 1 1
github.com/yb981/wwi24sea-konzepte-golang/datastructures/stack.go:26.29,28.3 1 1
github.com/yb981/wwi24sea-konzepte-golang/datastructures/stack.go:33.41,34.28 1 1
github.com/yb981/wwi24sea-konzepte-golang/datastructures/stack.go:34.28,37.3 2 1
github.com/yb981/wwi24sea-konzepte-golang/datastructures/stack.go:38.2,40.20 3 1
github.com/yb981/wwi24sea-konzepte-golang/datastructures/stack.go:44.42,45.28 1 1
github.com/yb981/wwi24sea-konzepte-golang/datastructures/stack.go:45.28,48.3 2 1
github.com/yb981/wwi24sea-konzepte-golang/datastructures/stack.go:49.2,50.20 2 1
github.com/yb981/wwi24sea-konzepte-golang/datastructures/stack.go:54.39,56.2 1 1
github.com/yb981/wwi24sea-konzepte-golang/datastructures/stack.go:59.38,61.2 1 1
github.com/yb981/wwi24sea-konzepte-golang/datastructures/stack.go:64.35,66.2 1 1
github.com/yb981/wwi24sea-konzepte-golang/datastructures/stack.go:69.42,71.2 1 1
github.com/yb981/wwi24sea-konzepte-golang/datastructures/stack.go:74.55,76.2 1 1
github.com/yb981/wwi24sea-konzepte-golang/edsl/vector-edsl/svg.go:19.35,22.2 2 1
github.com/yb981/wwi24sea-konzepte-golang/edsl/vector-edsl/svg.go:24.29,26.30 2 1
github.com/yb981/wwi24sea-konzepte-golang/edsl/vector-edsl/svg.go:26.30,28.3 1 1
github.com/yb981/wwi24sea-konzepte-golang/edsl/vector-edsl/svg.go:29.2,30.35 1 1
github.com/yb981/wwi24sea-konzepte-golang/edsl/vector-edsl/svg.go:39.30,42.2 1 1
github.com/yb981/wwi24sea-konzepte-golang/edsl/vector-edsl/svg.go:50.32,53.2 1 1
github.com/yb981/wwi24sea-konzepte-golang/edsl/vector-edsl/svg.go:61.30,64.2 1 1
github.com/yb981/wwi24sea-konzepte-golang/edsl/vector-edsl/svg.go:72.30,75.2 1 1
github.com/yb981/wwi24sea-konzepte-golang/edsl/vector-edsl/svg.go:83.33,86.2 1 1
github.com/yb981/wwi24sea-konzepte-golang/edsl/functions-edsl/maths-func.go:22.31,24.2 1 1
github.com/yb981/wwi24sea-konzepte-golang/edsl/functions-edsl/maths-func.go:26.41,28.2 1 1
github.com/yb981/wwi24sea-konzepte-golang/edsl/functions-edsl/maths-func.go:30.35,32.2 1 1
github.com/yb981/wwi24sea-konzepte-golang/edsl/functions-edsl/maths-func.go:34.30,36.2 1 1
github.com/yb981/wwi24sea-konzepte-golang/edsl/functions-edsl/maths-func.go:42.40,44.2 1 1
github.com/yb981/wwi24sea-konzepte-golang/edsl/functions-edsl/maths-func.go:46.34,48.2 1 1
github.com/yb981/wwi24sea-konzepte-golang/edsl/functions-edsl/maths-func.go:50.29,52.2 1 1
github.com/yb981/wwi24sea-konzepte-golang/edsl/functions-edsl/maths-func.go:60.42,62.2 1 1
github.com/yb981/wwi24sea-konzepte-golang/edsl/functions-edsl/maths-func.go:64.36,66.2 1 1
github.com/yb981/wwi24sea-konzepte-golang/edsl/functions-edsl/maths-func.go:68.31,70.2 1 1
github.com/yb981/wwi24sea-konzepte-golang/edsl/functions-edsl/maths-func.go:82.40,84.2 1 1
github.com/yb981/wwi24sea-konzepte-golang/edsl/functions-edsl/maths-func.go:86.34,87.36 1 1
github.com/yb981/wwi24sea-konzepte-golang/edsl/functions-edsl/maths-func.go:87.36,89.3 1 1
github.com/yb981/wwi24sea-konzepte-golang/edsl/functions-edsl/maths-func.go:90.2,90.37 1 1
github.com/yb981/wwi24sea-konzepte-golang/edsl/functions-edsl/maths-func.go:90.37,92.3 1 1
github.com/yb981/wwi24sea-konzepte-golang/edsl/functions-edsl/maths-func.go:93.2,93.60 1 1
github.com/yb981/wwi24sea-konzepte-golang/edsl/functions-edsl/maths-func.go:96.29,98.2 1 1
github.com/yb981/wwi24sea-konzepte-golang/edsl/functions-edsl/maths-func.go:106.40,108.2 1 1
github.com/yb981/wwi24sea-konzepte-golang/edsl/functions-edsl/maths-func.go:110.34,111.37 1 1
github.com/yb981/wwi24sea-konzepte-golang/edsl/functions-edsl/maths-func.go:111.37,113.3 1 1
github.com/yb981/wwi24sea-konzepte-golang/edsl/functions-edsl/maths-func.go:114.2,114.60 1 1
github.com/yb981/wwi24sea-konzepte-golang/edsl/functions-edsl/maths-func.go:117.29,119.2 1 1
github.com/yb981/wwi24sea-konzepte-golang/edsl/functions-edsl/maths-func.go:127.41,129.2 1 1
github.com/yb981/wwi24sea-konzepte-golang/edsl/functions-edsl/maths-func.go:131.35,132.65 1 1
github.com/yb981/wwi24sea-konzepte-golang/edsl/functions-edsl/maths-func.go:132.65,137.3 1 1
github.com/yb981/wwi24sea-konzepte-golang/edsl/functions-edsl/maths-func.go:137.8,137.40 1 1
github.com/yb981/wwi24sea-konzepte-golang/edsl/functions-edsl/maths-func.go:137.40,139.3 1 1
github.com/yb981/wwi24sea-konzepte-golang/edsl/functions-edsl/maths-func.go:139.8,139.41 1 1
github.com/yb981/wwi24sea-konzepte-golang/edsl/functions-edsl/maths-func.go:139.41,141.3 1 1
github.com/yb981/wwi24sea-konzepte-golang/edsl/functions-edsl/maths-func.go:141.8,143.3 1 1
github.com/yb981/wwi24sea-konzepte-golang/edsl/functions-edsl/maths-func.go:146.45,147.27 1 1
github.com/yb981/wwi24sea-konzepte-golang/edsl/functions-edsl/maths-func.go:147.27,149.3 1 1
github.com/yb981/wwi24sea-konzepte-golang/edsl/functions-edsl/maths-func.go:149.8,149.35 1 1
github.com/yb981/wwi24sea-konzepte-golang/edsl/functions-edsl/maths-func.go:149.35,151.3 1 1
github.com/yb981/wwi24sea-konzepte-golang/edsl/functions-edsl/maths-func.go:152.2,152.10 1 1
github.com/yb981/wwi24sea-konzepte-golang/edsl/functions-edsl/maths-func.go:155.30,157.2 1 1
github.com/yb981/wwi24sea-konzepte-golang/edsl/functions-edsl/maths-func.go:165.40,167.2 1 1
github.com/yb981/wwi24sea-konzepte-golang/edsl/functions-edsl/maths-func.go:169.34,170.67 1 1
github.com/yb981/wwi24sea-konzepte-golang/edsl/functions-edsl/maths-func.go:170.67,172.3 1 1
github.com/yb981/wwi24sea-konzepte-golang/edsl/functions-edsl/maths-func.go:172.8,172.41 1 1
github.com/yb981/wwi24sea-konzepte-golang/edsl/functions-edsl/maths-func.go:172.41,174.3 1 1
github.com/yb981/wwi24sea-konzepte-golang/edsl/functions-edsl/maths-func.go:174.8,174.42 1 1
github.com/yb981/wwi24sea-konzepte-golang/edsl/functions-edsl/maths-func.go:174.42,176.3 1 1
github.com/yb981/wwi24sea-konzepte-golang/edsl/functions-edsl/maths-func.go:177.2,177.22 1 1
github.com/yb981/wwi24sea-konzepte-golang/edsl/functions-edsl/maths-func.go:180.29,182.2 1 1
github.com/yb981/wwi24sea-konzepte-golang/edsl/functions-edsl/maths-func.go:191.40,193.2 1 1
github.com/yb981/wwi24sea-konzepte-golang/edsl/functions-edsl/maths-func.go:195.34,196.26 1 1
github.com/yb981/wwi24sea-konzepte-golang/edsl/functions-edsl/maths-func.go:196.26,198.3 1 1
github.com/yb981/wwi24sea-konzepte-golang/edsl/functions-edsl/maths-func.go:198.8,200.3 1 1
github.com/yb981/wwi24sea-konzepte-golang/edsl/functions-edsl/maths-func.go:203.29,205.2 1 1
github.com/yb981/wwi24sea-konzepte-golang/edsl/functions-edsl/maths-func.go:213.41,215.2 1 1
github.com/yb981/wwi24sea-konzepte-golang/edsl/functions-edsl/maths-func.go:217.35,218.24 1 1
github.com/yb981/wwi24sea-konzepte-golang/edsl/functions-edsl/maths-func.go:218.24,220.3 1 1
github.com/yb981/wwi24sea-konzepte-golang/edsl/functions-edsl/maths-func.go:221.2,221.22 1 1
github.com/yb981/wwi24sea-konzepte-golang/edsl/functions-edsl/maths-func.go:224.30,226.2 1 1
github.com/yb981/wwi24sea-konzepte-golang/cmd/edsl-functions-demo/main.go:9.13,73.2 50 0
github.com/yb981/wwi24sea-konzepte-golang/cmd/datastructures-demo/main.go:9.28,11.2 1 0
github.com/yb981/wwi24sea-konzepte-golang/cmd/datastructures-demo/main.go:13.33,16.2 2 0
github.com/yb981/wwi24sea-konzepte-golang/cmd/datastructures-demo/main.go:18.28,20.2 1 0
github.com/yb981/wwi24sea-konzepte-golang/cmd/datastructures-demo/main.go:22.37,24.2 1 0
github.com/yb981/wwi24sea-konzepte-golang/cmd/datastructures-demo/main.go:26.13,28.2 1 0
github.com/yb981/wwi24sea-konzepte-golang/cmd/datastructures-demo/main.go:30.34,41.25 6 0
github.com/yb981/wwi24sea-konzepte-golang/cmd/datastructures-demo/main.go:41.25,43.3 1 0
github.com/yb981/wwi24sea-konzepte-golang/cmd/datastructures-demo/main.go:45.2,103.162 59 0
github.com/yb981/wwi24sea-konzepte-golang/cmd/edsl-vector-demo/main.go:9.13,50.2 13 0
github.com/yb981/wwi24sea-konzepte-golang/password/main.go:11.13,15.16 3 0
github.com/yb981/wwi24sea-konzepte-golang/password/main.go:15.16,16.13 1 0
github.com/yb981/wwi24sea-konzepte-golang/password/main.go:19.2,25.31 4 0
github.com/yb981/wwi24sea-konzepte-golang/password/main.go:25.31,27.25 2 0
github.com/yb981/wwi24sea-konzepte-golang/password/main.go:27.25,30.4 2 0
github.com/yb981/wwi24sea-konzepte-golang/password/main.go:33.2,36.30 3 0
github.com/yb981/wwi24sea-konzepte-golang/password/main.go:36.30,37.16 1 0
github.com/yb981/wwi24sea-konzepte-golang/password/main.go:37.16,39.4 1 0
github.com/yb981/wwi24sea-konzepte-golang/password/main.go:41.2,45.76 4 0
github.com/yb981/wwi24sea-konzepte-golang/password/passwordRecov.go:29.40,34.2 4 1
github.com/yb981/wwi24sea-konzepte-golang/password/passwordRecov.go:36.30,38.2 1 1
github.com/yb981/wwi24sea-konzepte-golang/password/passwordRecov.go:40.51,45.29 4 1
github.com/yb981/wwi24sea-konzepte-golang/password/passwordRecov.go:45.29,47.18 2 1
github.com/yb981/wwi24sea-konzepte-golang/password/passwordRecov.go:47.18,49.41 1 1
github.com/yb981/wwi24sea-konzepte-golang/password/passwordRecov.go:49.41,51.5 1 1
github.com/yb981/wwi24sea-konzepte-golang/password/passwordRecov.go:52.4,52.19 1 1
github.com/yb981/wwi24sea-konzepte-golang/password/passwordRecov.go:52.19,54.5 1 1
github.com/yb981/wwi24sea-konzepte-golang/password/passwordRecov.go:55.9,57.4 1 1
github.com/yb981/wwi24sea-konzepte-golang/password/passwordRecov.go:58.3,59.14 2 1
github.com/yb981/wwi24sea-konzepte-golang/password/passwordRecov.go:61.2,61.15 1 1
github.com/yb981/wwi24sea-konzepte-golang/password/passwordRecov.go:64.46,69.64 2 1
github.com/yb981/wwi24sea-konzepte-golang/password/passwordRecov.go:69.64,71.46 2 1
github.com/yb981/wwi24sea-konzepte-golang/password/passwordRecov.go:71.46,73.4 1 1
github.com/yb981/wwi24sea-konzepte-golang/password/passwordRecov.go:74.3,75.23 2 1
github.com/yb981/wwi24sea-konzepte-golang/password/passwordRecov.go:75.23,77.4 1 1
github.com/yb981/wwi24sea-konzepte-golang/password/passwordRecov.go:77.9,79.4 1 1
github.com/yb981/wwi24sea-konzepte-golang/password/passwordRecov.go:81.3,81.43 1 1
github.com/yb981/wwi24sea-konzepte-golang/password/passwordRecov.go:81.43,82.12 1 1
github.com/yb981/wwi24sea-konzepte-golang/password/passwordRecov.go:86.3,90.37 3 1
github.com/yb981/wwi24sea-konzepte-golang/password/passwordRecov.go:90.37,93.4 2 1
github.com/yb981/wwi24sea-konzepte-golang/password/passwordRecov.go:96.3,97.37 2 1
github.com/yb981/wwi24sea-konzepte-golang/password/passwordRecov.go:97.37,100.4 2 1
github.com/yb981/wwi24sea-konzepte-golang/password/passwordRecov.go:104.43,107.38 2 1
github.com/yb981/wwi24sea-konzepte-golang/password/passwordRecov.go:107.38,111.47 2 1
github.com/yb981/wwi24sea-konzepte-golang/password/passwordRecov.go:111.47,112.12 1 1
github.com/yb981/wwi24sea-konzepte-golang/password/passwordRecov.go:115.3,115.18 1 1
github.com/yb981/wwi24sea-konzepte-golang/password/passwordRecov.go:115.18,117.77 1 1
github.com/yb981/wwi24sea-konzepte-golang/password/passwordRecov.go:117.77,121.5 3 1
