mode: set
example.com/hi/edsl/functions-edsl/main.go:7.13,71.2 50 0
example.com/hi/edsl/functions-edsl/maths-func.go:22.31,24.2 1 1
example.com/hi/edsl/functions-edsl/maths-func.go:26.41,28.2 1 1
example.com/hi/edsl/functions-edsl/maths-func.go:30.35,32.2 1 1
example.com/hi/edsl/functions-edsl/maths-func.go:34.30,36.2 1 1
example.com/hi/edsl/functions-edsl/maths-func.go:42.40,44.2 1 1
example.com/hi/edsl/functions-edsl/maths-func.go:46.34,48.2 1 1
example.com/hi/edsl/functions-edsl/maths-func.go:50.29,52.2 1 1
example.com/hi/edsl/functions-edsl/maths-func.go:60.42,62.2 1 1
example.com/hi/edsl/functions-edsl/maths-func.go:64.36,66.2 1 1
example.com/hi/edsl/functions-edsl/maths-func.go:68.31,70.2 1 1
example.com/hi/edsl/functions-edsl/maths-func.go:82.40,84.2 1 1
example.com/hi/edsl/functions-edsl/maths-func.go:86.34,90.36 1 1
example.com/hi/edsl/functions-edsl/maths-func.go:90.36,92.3 1 1
example.com/hi/edsl/functions-edsl/maths-func.go:93.2,93.37 1 1
example.com/hi/edsl/functions-edsl/maths-func.go:93.37,95.3 1 1
example.com/hi/edsl/functions-edsl/maths-func.go:97.2,97.47 1 1
example.com/hi/edsl/functions-edsl/maths-func.go:100.29,102.2 1 1
example.com/hi/edsl/functions-edsl/maths-func.go:110.40,112.2 1 1
example.com/hi/edsl/functions-edsl/maths-func.go:114.34,118.37 1 1
example.com/hi/edsl/functions-edsl/maths-func.go:118.37,120.3 1 1
example.com/hi/edsl/functions-edsl/maths-func.go:122.2,122.47 1 1
example.com/hi/edsl/functions-edsl/maths-func.go:125.29,127.2 1 1
example.com/hi/edsl/functions-edsl/maths-func.go:135.41,137.2 1 1
example.com/hi/edsl/functions-edsl/maths-func.go:139.35,143.65 1 1
example.com/hi/edsl/functions-edsl/maths-func.go:143.65,148.3 1 1
example.com/hi/edsl/functions-edsl/maths-func.go:148.8,148.40 1 1
example.com/hi/edsl/functions-edsl/maths-func.go:148.40,150.3 1 1
example.com/hi/edsl/functions-edsl/maths-func.go:150.8,150.41 1 1
example.com/hi/edsl/functions-edsl/maths-func.go:150.41,152.3 1 1
example.com/hi/edsl/functions-edsl/maths-func.go:152.8,154.3 1 1
example.com/hi/edsl/functions-edsl/maths-func.go:157.45,158.27 1 1
example.com/hi/edsl/functions-edsl/maths-func.go:158.27,160.3 1 1
example.com/hi/edsl/functions-edsl/maths-func.go:160.8,160.35 1 1
example.com/hi/edsl/functions-edsl/maths-func.go:160.35,162.3 1 1
example.com/hi/edsl/functions-edsl/maths-func.go:163.2,163.10 1 1
example.com/hi/edsl/functions-edsl/maths-func.go:166.30,168.2 1 1
example.com/hi/edsl/functions-edsl/maths-func.go:176.40,178.2 1 1
example.com/hi/edsl/functions-edsl/maths-func.go:180.34,181.67 1 1
example.com/hi/edsl/functions-edsl/maths-func.go:181.67,183.3 1 1
example.com/hi/edsl/functions-edsl/maths-func.go:183.8,183.41 1 1
example.com/hi/edsl/functions-edsl/maths-func.go:183.41,185.3 1 1
example.com/hi/edsl/functions-edsl/maths-func.go:185.8,185.42 1 1
example.com/hi/edsl/functions-edsl/maths-func.go:185.42,187.3 1 1
example.com/hi/edsl/functions-edsl/maths-func.go:188.2,188.17 1 1
example.com/hi/edsl/functions-edsl/maths-func.go:191.29,193.2 1 1
example.com/hi/edsl/functions-edsl/maths-func.go:202.40,204.2 1 1
example.com/hi/edsl/functions-edsl/maths-func.go:206.34,207.26 1 1
example.com/hi/edsl/functions-edsl/maths-func.go:207.26,209.3 1 1
example.com/hi/edsl/functions-edsl/maths-func.go:209.8,211.3 1 1
example.com/hi/edsl/functions-edsl/maths-func.go:214.29,216.2 1 1
example.com/hi/edsl/functions-edsl/maths-func.go:224.41,226.2 1 1
example.com/hi/edsl/functions-edsl/maths-func.go:228.35,229.24 1 1
example.com/hi/edsl/functions-edsl/maths-func.go:229.24,231.3 1 1
example.com/hi/edsl/functions-edsl/maths-func.go:232.2,232.17 1 1
example.com/hi/edsl/functions-edsl/maths-func.go:235.30,237.2 1 1
