mode: set
example.com/hi/edsl/functions-edsl/main.go:7.13,11.2 3 0
example.com/hi/edsl/functions-edsl/maths-func.go:22.31,24.2 1 1
example.com/hi/edsl/functions-edsl/maths-func.go:26.41,28.2 1 1
example.com/hi/edsl/functions-edsl/maths-func.go:30.35,32.2 1 1
example.com/hi/edsl/functions-edsl/maths-func.go:34.30,36.2 1 1
example.com/hi/edsl/functions-edsl/maths-func.go:42.40,44.2 1 1
example.com/hi/edsl/functions-edsl/maths-func.go:46.34,48.2 1 1
example.com/hi/edsl/functions-edsl/maths-func.go:50.29,52.2 1 1
example.com/hi/edsl/functions-edsl/maths-func.go:60.42,62.2 1 1
example.com/hi/edsl/functions-edsl/maths-func.go:64.36,66.2 1 1
example.com/hi/edsl/functions-edsl/maths-func.go:68.31,70.2 1 1
example.com/hi/edsl/functions-edsl/maths-func.go:82.40,84.2 1 1
example.com/hi/edsl/functions-edsl/maths-func.go:86.34,90.36 1 1
example.com/hi/edsl/functions-edsl/maths-func.go:90.36,92.3 1 1
example.com/hi/edsl/functions-edsl/maths-func.go:93.2,93.37 1 1
example.com/hi/edsl/functions-edsl/maths-func.go:93.37,95.3 1 1
example.com/hi/edsl/functions-edsl/maths-func.go:97.2,97.47 1 1
example.com/hi/edsl/functions-edsl/maths-func.go:100.29,102.2 1 1
example.com/hi/edsl/functions-edsl/maths-func.go:110.40,112.2 1 1
example.com/hi/edsl/functions-edsl/maths-func.go:114.34,118.37 1 1
example.com/hi/edsl/functions-edsl/maths-func.go:118.37,120.3 1 1
example.com/hi/edsl/functions-edsl/maths-func.go:122.2,122.47 1 1
example.com/hi/edsl/functions-edsl/maths-func.go:125.29,127.2 1 1
example.com/hi/edsl/functions-edsl/maths-func.go:135.41,137.2 1 1
example.com/hi/edsl/functions-edsl/maths-func.go:139.35,142.65 1 1
example.com/hi/edsl/functions-edsl/maths-func.go:142.65,147.3 1 1
example.com/hi/edsl/functions-edsl/maths-func.go:147.8,147.40 1 1
example.com/hi/edsl/functions-edsl/maths-func.go:147.40,149.3 1 1
example.com/hi/edsl/functions-edsl/maths-func.go:149.8,149.41 1 1
example.com/hi/edsl/functions-edsl/maths-func.go:149.41,151.3 1 1
example.com/hi/edsl/functions-edsl/maths-func.go:151.8,153.3 1 1
example.com/hi/edsl/functions-edsl/maths-func.go:156.45,157.27 1 1
example.com/hi/edsl/functions-edsl/maths-func.go:157.27,159.3 1 1
example.com/hi/edsl/functions-edsl/maths-func.go:160.2,160.15 1 1
example.com/hi/edsl/functions-edsl/maths-func.go:163.30,165.2 1 1
example.com/hi/edsl/functions-edsl/maths-func.go:173.40,175.2 1 1
example.com/hi/edsl/functions-edsl/maths-func.go:177.34,179.2 1 1
example.com/hi/edsl/functions-edsl/maths-func.go:181.29,183.2 1 1
example.com/hi/edsl/functions-edsl/maths-func.go:192.40,194.2 1 1
example.com/hi/edsl/functions-edsl/maths-func.go:196.34,197.26 1 1
example.com/hi/edsl/functions-edsl/maths-func.go:197.26,199.3 1 1
example.com/hi/edsl/functions-edsl/maths-func.go:199.8,201.3 1 1
example.com/hi/edsl/functions-edsl/maths-func.go:204.29,206.2 1 1
example.com/hi/edsl/functions-edsl/maths-func.go:214.40,216.2 1 1
example.com/hi/edsl/functions-edsl/maths-func.go:218.34,219.24 1 1
example.com/hi/edsl/functions-edsl/maths-func.go:219.24,221.3 1 1
example.com/hi/edsl/functions-edsl/maths-func.go:222.2,222.17 1 1
example.com/hi/edsl/functions-edsl/maths-func.go:225.29,227.2 1 1
